<?xml version="1.0" encoding="UTF-8"?>
<!-- Generated by org.testng.reporters.JUnitReportReporter -->
<testsuite hostname="DESKTOP-QRFKBAQ" failures="0" tests="1" name="testCases.TC001_AccountRegistrationTest" time="3.904" errors="0" timestamp="2024-09-05T09:58:02 IST" skipped="0">
  <testcase classname="testCases.TC001_AccountRegistrationTest" name="verify_Account_RegPage" time="3.904"/>
</testsuite> <!-- testCases.TC001_AccountRegistrationTest -->
